[LOG] System::create                           : Header version = 1.10.07. Current version = 1.10.07.
[LOG] SystemI::setOutputInternal               : Setting output to 'FMOD WASAPI Output'
[LOG] Manager::init                            : maxchannels = 1024 studioflags = 00000009 flags 00000000 extradriverdata 0000000000000000.
[LOG] SystemI::init                            : Initialize version=11007 (95892), maxchannels=1024, flags=0x00030000
[LOG] OutputWASAPI::init                       : Mix Format (WAVEFORMATEX): wFormatTag=0xFFFE, nChannels=2, nSamplesPerSec=48000, nAvgBytesPerSec=384000, nBlockAlign=8, wBitsPerSample=32, cbSize=22.
[LOG] OutputWASAPI::init                       : Mix Format (WAVEFORMATEXTENSIBLE): wValidBitsPerSample=32, dwChannelMask=0x00000003, SubFormat=00000003-0000-0010-8000-00AA00389B71.
[LOG] OutputWASAPI::init                       : Output buffer size: 4096 samples, latency: 0.00ms, period: 10.00ms, DSP buffer: 1024 * 4
[LOG] Thread::initThread                       : Init FMOD stream thread. Priority: 2, Stack Size: 65536, Semaphore: No, Sleep Time: 10, Looping: Yes.
[LOG] SystemI::DSPCodecPoolRegister            : register codec pool for pool type 5
[LOG] Thread::initThread                       : Init FMOD mixer thread. Priority: 3, Stack Size: 49152, Semaphore: No, Sleep Time: 0, Looping: Yes.
[LOG] AsyncManager::init                       : manager 00000170BE47C808 isAsync 1 updatePeriod 0.02
[LOG] Thread::initThread                       : Init FMOD Studio update thread. Priority: 0, Stack Size: 65536, Semaphore: No, Sleep Time: 1, Looping: No.
[LOG] AsyncManager::init                       : done
[LOG] PlaybackSystem::init                     : 
[LOG] Thread::initThread                       : Init FMOD Studio sample load thread. Priority: 0, Stack Size: 65536, Semaphore: No, Sleep Time: 1, Looping: No.
[LOG] PlaybackSystem::init                     : done
[LOG] LiveUpdate::init                         : 
[LOG] Thread::initThread                       : Init FMOD Studio bank load thread. Priority: 0, Stack Size: 65536, Semaphore: No, Sleep Time: 1, Looping: No.
[LOG] Manager::init                            : done.
[LOG] Profile::init                            : Profiler listening on port: 9264
[LOG] Manager::readBank                        : fileversion = 100, compatVersion = 99 (oldest = 44, newest = 100)
[LOG] Manager::readBank                        : fileversion = 100, compatVersion = 99 (oldest = 44, newest = 100)
[LOG] PlaybackSystem::acquireMasterBus         : Setting master channel group format to 3
[LOG] SystemI::createSoundInternal             : Create name='', mode=0x02000202
[LOG] SystemI::createSoundInternal             : exinfo->cbsize             = 232
[LOG] SystemI::createSoundInternal             : exinfo->length             = 1266528
[LOG] SystemI::createSoundInternal             : exinfo->fileoffset         = 48640
[LOG] SystemI::createSoundInternal             : exinfo->numsubsounds       = 1
[LOG] SystemI::createSoundInternal             : exinfo->inclusionlist      = 00000067D011F09C
[LOG] SystemI::createSoundInternal             : exinfo->inclusionlistnum   = 1
[LOG] SystemI::createSoundInternal             : exinfo->suggestedsoundtype = 5
[LOG] SystemI::createSoundInternal             : exinfo->useropen           = 00007FFB9D88D9C0
[LOG] SystemI::createSoundInternal             : exinfo->userclose          = 00007FFB9D88D990
[LOG] SystemI::createSoundInternal             : exinfo->userread           = 00007FFB9D88DA90
[LOG] SystemI::createSoundInternal             : exinfo->userseek           = 00007FFB9D88DB50
[LOG] SystemI::createSoundInternal             : exinfo->fileuserdata       = 00000170BF676CE8
[LOG] SystemI::createSoundInternal             : exinfo->initialseekpostype = 1
[LOG] SystemI::DSPCodecPoolRegister            : register codec pool for pool type 5
[LOG] SystemI::createSoundInternal             : Sample 0/1: name='drip 2', format=2, channels=2, frequency=48000, lengthbytes=1440, lengthpcm=7824, pcmblocksize=0, loopstart=0, loopend=0, mode=0x00000000, channelmask=0x00000000, channelorder=0, peakvolume=0.078217.
[LOG] SystemI::createSoundInternal             : Create name='', mode=0x02000202
[LOG] SystemI::createSoundInternal             : exinfo->cbsize             = 232
[LOG] SystemI::createSoundInternal             : exinfo->length             = 1266528
[LOG] SystemI::createSoundInternal             : exinfo->fileoffset         = 48640
[LOG] SystemI::createSoundInternal             : exinfo->numsubsounds       = 1
[LOG] SystemI::createSoundInternal             : exinfo->inclusionlist      = 00000067D011F09C
[LOG] SystemI::createSoundInternal             : exinfo->inclusionlistnum   = 1
[LOG] SystemI::createSoundInternal             : exinfo->suggestedsoundtype = 5
[LOG] SystemI::createSoundInternal             : exinfo->useropen           = 00007FFB9D88D9C0
[LOG] SystemI::createSoundInternal             : exinfo->userclose          = 00007FFB9D88D990
[LOG] SystemI::createSoundInternal             : exinfo->userread           = 00007FFB9D88DA90
[LOG] SystemI::createSoundInternal             : exinfo->userseek           = 00007FFB9D88DB50
[LOG] SystemI::createSoundInternal             : exinfo->fileuserdata       = 00000170BF676CE8
[LOG] SystemI::createSoundInternal             : exinfo->initialseekpostype = 1
[LOG] SystemI::DSPCodecPoolRegister            : register codec pool for pool type 5
[LOG] SystemI::createSoundInternal             : Sample 0/1: name='fire 3', format=2, channels=2, frequency=48000, lengthbytes=108672, lengthpcm=336000, pcmblocksize=0, loopstart=0, loopend=0, mode=0x00000000, channelmask=0x00000000, channelorder=0, peakvolume=0.282745.
[LOG] SystemI::createSoundInternal             : Create name='', mode=0x02000202
[LOG] SystemI::createSoundInternal             : exinfo->cbsize             = 232
[LOG] SystemI::createSoundInternal             : exinfo->length             = 1266528
[LOG] SystemI::createSoundInternal             : exinfo->fileoffset         = 48640
[LOG] SystemI::createSoundInternal             : exinfo->numsubsounds       = 1
[LOG] SystemI::createSoundInternal             : exinfo->inclusionlist      = 00000067D011F09C
[LOG] SystemI::createSoundInternal             : exinfo->inclusionlistnum   = 1
[LOG] SystemI::createSoundInternal             : exinfo->suggestedsoundtype = 5
[LOG] SystemI::createSoundInternal             : exinfo->useropen           = 00007FFB9D88D9C0
[LOG] SystemI::createSoundInternal             : exinfo->userclose          = 00007FFB9D88D990
[LOG] SystemI::createSoundInternal             : exinfo->userread           = 00007FFB9D88DA90
[LOG] SystemI::createSoundInternal             : exinfo->userseek           = 00007FFB9D88DB50
[LOG] SystemI::createSoundInternal             : exinfo->fileuserdata       = 00000170BF676CE8
[LOG] SystemI::createSoundInternal             : exinfo->initialseekpostype = 1
[LOG] SystemI::DSPCodecPoolRegister            : register codec pool for pool type 5
[LOG] SystemI::createSoundInternal             : Sample 0/1: name='fire 2', format=2, channels=2, frequency=48000, lengthbytes=89312, lengthpcm=288000, pcmblocksize=0, loopstart=0, loopend=0, mode=0x00000000, channelmask=0x00000000, channelorder=0, peakvolume=0.302124.
[LOG] SystemI::createSoundInternal             : Create name='', mode=0x02000202
[LOG] SystemI::createSoundInternal             : exinfo->cbsize             = 232
[LOG] SystemI::createSoundInternal             : exinfo->length             = 1266528
[LOG] SystemI::createSoundInternal             : exinfo->fileoffset         = 48640
[LOG] SystemI::createSoundInternal             : exinfo->numsubsounds       = 1
[LOG] SystemI::createSoundInternal             : exinfo->inclusionlist      = 00000067D011F09C
[LOG] SystemI::createSoundInternal             : exinfo->inclusionlistnum   = 1
[LOG] SystemI::createSoundInternal             : exinfo->suggestedsoundtype = 5
[LOG] SystemI::createSoundInternal             : exinfo->useropen           = 00007FFB9D88D9C0
[LOG] SystemI::createSoundInternal             : exinfo->userclose          = 00007FFB9D88D990
[LOG] SystemI::createSoundInternal             : exinfo->userread           = 00007FFB9D88DA90
[LOG] SystemI::createSoundInternal             : exinfo->userseek           = 00007FFB9D88DB50
[LOG] SystemI::createSoundInternal             : exinfo->fileuserdata       = 00000170BF676CE8
[LOG] SystemI::createSoundInternal             : exinfo->initialseekpostype = 1
[LOG] SystemI::DSPCodecPoolRegister            : register codec pool for pool type 5
[LOG] SystemI::createSoundInternal             : Sample 0/1: name='M1 Chase [2019-11-27 143958]', format=2, channels=2, frequency=48000, lengthbytes=34560, lengthpcm=120000, pcmblocksize=0, loopstart=0, loopend=0, mode=0x00000000, channelmask=0x00000000, channelorder=0, peakvolume=0.999900.
[LOG] SystemI::createSoundInternal             : Create name='', mode=0x02000202
[LOG] SystemI::createSoundInternal             : exinfo->cbsize             = 232
[LOG] SystemI::createSoundInternal             : exinfo->length             = 1266528
[LOG] SystemI::createSoundInternal             : exinfo->fileoffset         = 48640
[LOG] SystemI::createSoundInternal             : exinfo->numsubsounds       = 1
[LOG] SystemI::createSoundInternal             : exinfo->inclusionlist      = 00000067D011F09C
[LOG] SystemI::createSoundInternal             : exinfo->inclusionlistnum   = 1
[LOG] SystemI::createSoundInternal             : exinfo->suggestedsoundtype = 5
[LOG] SystemI::createSoundInternal             : exinfo->useropen           = 00007FFB9D88D9C0
[LOG] SystemI::createSoundInternal             : exinfo->userclose          = 00007FFB9D88D990
[LOG] SystemI::createSoundInternal             : exinfo->userread           = 00007FFB9D88DA90
[LOG] SystemI::createSoundInternal             : exinfo->userseek           = 00007FFB9D88DB50
[LOG] SystemI::createSoundInternal             : exinfo->fileuserdata       = 00000170BF676CE8
[LOG] SystemI::createSoundInternal             : exinfo->initialseekpostype = 1
[LOG] SystemI::DSPCodecPoolRegister            : register codec pool for pool type 5
[LOG] SystemI::createSoundInternal             : Sample 0/1: name='Hard sole shoes on wood carpet single step left_BLASTWAVEFX_10010', format=2, channels=2, frequency=48000, lengthbytes=4320, lengthpcm=25077, pcmblocksize=0, loopstart=0, loopend=0, mode=0x00000000, channelmask=0x00000000, channelorder=0, peakvolume=0.289429.
[LOG] SystemI::createSoundInternal             : Create name='', mode=0x02000202
[LOG] SystemI::createSoundInternal             : exinfo->cbsize             = 232
[LOG] SystemI::createSoundInternal             : exinfo->length             = 1266528
[LOG] SystemI::createSoundInternal             : exinfo->fileoffset         = 48640
[LOG] SystemI::createSoundInternal             : exinfo->numsubsounds       = 1
[LOG] SystemI::createSoundInternal             : exinfo->inclusionlist      = 00000067D011F09C
[LOG] SystemI::createSoundInternal             : exinfo->inclusionlistnum   = 1
[LOG] SystemI::createSoundInternal             : exinfo->suggestedsoundtype = 5
[LOG] SystemI::createSoundInternal             : exinfo->useropen           = 00007FFB9D88D9C0
[LOG] SystemI::createSoundInternal             : exinfo->userclose          = 00007FFB9D88D990
[LOG] SystemI::createSoundInternal             : exinfo->userread           = 00007FFB9D88DA90
[LOG] SystemI::createSoundInternal             : exinfo->userseek           = 00007FFB9D88DB50
[LOG] SystemI::createSoundInternal             : exinfo->fileuserdata       = 00000170BF676CE8
[LOG] SystemI::createSoundInternal             : exinfo->initialseekpostype = 1
[LOG] SystemI::DSPCodecPoolRegister            : register codec pool for pool type 5
[LOG] SystemI::createSoundInternal             : Sample 0/1: name='drip 1', format=2, channels=2, frequency=48000, lengthbytes=864, lengthpcm=12000, pcmblocksize=0, loopstart=0, loopend=0, mode=0x00000000, channelmask=0x00000000, channelorder=0, peakvolume=0.121033.
[LOG] SystemI::createSoundInternal             : Create name='', mode=0x02000202
[LOG] SystemI::createSoundInternal             : exinfo->cbsize             = 232
[LOG] SystemI::createSoundInternal             : exinfo->length             = 1266528
[LOG] SystemI::createSoundInternal             : exinfo->fileoffset         = 48640
[LOG] SystemI::createSoundInternal             : exinfo->numsubsounds       = 1
[LOG] SystemI::createSoundInternal             : exinfo->inclusionlist      = 00000067D011F09C
[LOG] SystemI::createSoundInternal             : exinfo->inclusionlistnum   = 1
[LOG] SystemI::createSoundInternal             : exinfo->suggestedsoundtype = 5
[LOG] SystemI::createSoundInternal             : exinfo->useropen           = 00007FFB9D88D9C0
[LOG] SystemI::createSoundInternal             : exinfo->userclose          = 00007FFB9D88D990
[LOG] SystemI::createSoundInternal             : exinfo->userread           = 00007FFB9D88DA90
[LOG] SystemI::createSoundInternal             : exinfo->userseek           = 00007FFB9D88DB50
[LOG] SystemI::createSoundInternal             : exinfo->fileuserdata       = 00000170BF676CE8
[LOG] SystemI::createSoundInternal             : exinfo->initialseekpostype = 1
[LOG] SystemI::DSPCodecPoolRegister            : register codec pool for pool type 5
[LOG] SystemI::createSoundInternal             : Sample 0/1: name='drip 5', format=2, channels=2, frequency=48000, lengthbytes=832, lengthpcm=4949, pcmblocksize=0, loopstart=0, loopend=0, mode=0x00000000, channelmask=0x00000000, channelorder=0, peakvolume=0.029624.
[LOG] SystemI::createSoundInternal             : Create name='', mode=0x02000202
[LOG] SystemI::createSoundInternal             : exinfo->cbsize             = 232
[LOG] SystemI::createSoundInternal             : exinfo->length             = 1266528
[LOG] SystemI::createSoundInternal             : exinfo->fileoffset         = 48640
[LOG] SystemI::createSoundInternal             : exinfo->numsubsounds       = 1
[LOG] SystemI::createSoundInternal             : exinfo->inclusionlist      = 00000067D011F09C
[LOG] SystemI::createSoundInternal             : exinfo->inclusionlistnum   = 1
[LOG] SystemI::createSoundInternal             : exinfo->suggestedsoundtype = 5
[LOG] SystemI::createSoundInternal             : exinfo->useropen           = 00007FFB9D88D9C0
[LOG] SystemI::createSoundInternal             : exinfo->userclose          = 00007FFB9D88D990
[LOG] SystemI::createSoundInternal             : exinfo->userread           = 00007FFB9D88DA90
[LOG] SystemI::createSoundInternal             : exinfo->userseek           = 00007FFB9D88DB50
[LOG] SystemI::createSoundInternal             : exinfo->fileuserdata       = 00000170BF676CE8
[LOG] SystemI::createSoundInternal             : exinfo->initialseekpostype = 1
[LOG] SystemI::DSPCodecPoolRegister            : register codec pool for pool type 5
[LOG] SystemI::createSoundInternal             : Sample 0/1: name='m2 [2019-11-27 143507]', format=2, channels=2, frequency=48000, lengthbytes=64288, lengthpcm=238893, pcmblocksize=0, loopstart=0, loopend=0, mode=0x00000000, channelmask=0x00000000, channelorder=0, peakvolume=0.999900.
[LOG] SystemI::createSoundInternal             : Create name='', mode=0x02000202
[LOG] SystemI::createSoundInternal             : exinfo->cbsize             = 232
[LOG] SystemI::createSoundInternal             : exinfo->length             = 1266528
[LOG] SystemI::createSoundInternal             : exinfo->fileoffset         = 48640
[LOG] SystemI::createSoundInternal             : exinfo->numsubsounds       = 1
[LOG] SystemI::createSoundInternal             : exinfo->inclusionlist      = 00000067D011F09C
[LOG] SystemI::createSoundInternal             : exinfo->inclusionlistnum   = 1
[LOG] SystemI::createSoundInternal             : exinfo->suggestedsoundtype = 5
[LOG] SystemI::createSoundInternal             : exinfo->useropen           = 00007FFB9D88D9C0
[LOG] SystemI::createSoundInternal             : exinfo->userclose          = 00007FFB9D88D990
[LOG] SystemI::createSoundInternal             : exinfo->userread           = 00007FFB9D88DA90
[LOG] SystemI::createSoundInternal             : exinfo->userseek           = 00007FFB9D88DB50
[LOG] SystemI::createSoundInternal             : exinfo->fileuserdata       = 00000170BF676CE8
[LOG] SystemI::createSoundInternal             : exinfo->initialseekpostype = 1
[LOG] SystemI::DSPCodecPoolRegister            : register codec pool for pool type 5
[LOG] SystemI::createSoundInternal             : Sample 0/1: name='m2 [2019-11-27 143510]', format=2, channels=2, frequency=48000, lengthbytes=34304, lengthpcm=129052, pcmblocksize=0, loopstart=0, loopend=0, mode=0x00000000, channelmask=0x00000000, channelorder=0, peakvolume=0.999900.
[LOG] SystemI::createSoundInternal             : Create name='', mode=0x02000202
[LOG] SystemI::createSoundInternal             : exinfo->cbsize             = 232
[LOG] SystemI::createSoundInternal             : exinfo->length             = 1266528
[LOG] SystemI::createSoundInternal             : exinfo->fileoffset         = 48640
[LOG] SystemI::createSoundInternal             : exinfo->numsubsounds       = 1
[LOG] SystemI::createSoundInternal             : exinfo->inclusionlist      = 00000067D011F09C
[LOG] SystemI::createSoundInternal             : exinfo->inclusionlistnum   = 1
[LOG] SystemI::createSoundInternal             : exinfo->suggestedsoundtype = 5
[LOG] SystemI::createSoundInternal             : exinfo->useropen           = 00007FFB9D88D9C0
[LOG] SystemI::createSoundInternal             : exinfo->userclose          = 00007FFB9D88D990
[LOG] SystemI::createSoundInternal             : exinfo->userread           = 00007FFB9D88DA90
[LOG] SystemI::createSoundInternal             : exinfo->userseek           = 00007FFB9D88DB50
[LOG] SystemI::createSoundInternal             : exinfo->fileuserdata       = 00000170BF676CE8
[LOG] SystemI::createSoundInternal             : exinfo->initialseekpostype = 1
[LOG] SystemI::DSPCodecPoolRegister            : register codec pool for pool type 5
[LOG] SystemI::createSoundInternal             : Sample 0/1: name='m2 [2019-11-27 143527]', format=2, channels=2, frequency=48000, lengthbytes=6560, lengthpcm=24000, pcmblocksize=0, loopstart=0, loopend=0, mode=0x00000000, channelmask=0x00000000, channelorder=0, peakvolume=0.999900.
[LOG] SystemI::createSoundInternal             : Create name='', mode=0x02000202
[LOG] SystemI::createSoundInternal             : exinfo->cbsize             = 232
[LOG] SystemI::createSoundInternal             : exinfo->length             = 1266528
[LOG] SystemI::createSoundInternal             : exinfo->fileoffset         = 48640
[LOG] SystemI::createSoundInternal             : exinfo->numsubsounds       = 1
[LOG] SystemI::createSoundInternal             : exinfo->inclusionlist      = 00000067D011F09C
[LOG] SystemI::createSoundInternal             : exinfo->inclusionlistnum   = 1
[LOG] SystemI::createSoundInternal             : exinfo->suggestedsoundtype = 5
[LOG] SystemI::createSoundInternal             : exinfo->useropen           = 00007FFB9D88D9C0
[LOG] SystemI::createSoundInternal             : exinfo->userclose          = 00007FFB9D88D990
[LOG] SystemI::createSoundInternal             : exinfo->userread           = 00007FFB9D88DA90
[LOG] SystemI::createSoundInternal             : exinfo->userseek           = 00007FFB9D88DB50
[LOG] SystemI::createSoundInternal             : exinfo->fileuserdata       = 00000170BF676CE8
[LOG] SystemI::createSoundInternal             : exinfo->initialseekpostype = 1
[LOG] SystemI::DSPCodecPoolRegister            : register codec pool for pool type 5
[LOG] SystemI::createSoundInternal             : Sample 0/1: name='M1 chuckle_Chase [2019-11-27 143954]', format=2, channels=2, frequency=48000, lengthbytes=57568, lengthpcm=192000, pcmblocksize=0, loopstart=0, loopend=0, mode=0x00000000, channelmask=0x00000000, channelorder=0, peakvolume=0.999900.
[LOG] SystemI::createSoundInternal             : Create name='', mode=0x02000202
[LOG] SystemI::createSoundInternal             : exinfo->cbsize             = 232
[LOG] SystemI::createSoundInternal             : exinfo->length             = 1266528
[LOG] SystemI::createSoundInternal             : exinfo->fileoffset         = 48640
[LOG] SystemI::createSoundInternal             : exinfo->numsubsounds       = 1
[LOG] SystemI::createSoundInternal             : exinfo->inclusionlist      = 00000067D011F09C
[LOG] SystemI::createSoundInternal             : exinfo->inclusionlistnum   = 1
[LOG] SystemI::createSoundInternal             : exinfo->suggestedsoundtype = 5
[LOG] SystemI::createSoundInternal             : exinfo->useropen           = 00007FFB9D88D9C0
[LOG] SystemI::createSoundInternal             : exinfo->userclose          = 00007FFB9D88D990
[LOG] SystemI::createSoundInternal             : exinfo->userread           = 00007FFB9D88DA90
[LOG] SystemI::createSoundInternal             : exinfo->userseek           = 00007FFB9D88DB50
[LOG] SystemI::createSoundInternal             : exinfo->fileuserdata       = 00000170BF676CE8
[LOG] SystemI::createSoundInternal             : exinfo->initialseekpostype = 1
[LOG] SystemI::DSPCodecPoolRegister            : register codec pool for pool type 5
[LOG] SystemI::createSoundInternal             : Sample 0/1: name='M1 Idle Moan [2019-11-27 143957]', format=2, channels=2, frequency=48000, lengthbytes=80960, lengthpcm=288000, pcmblocksize=0, loopstart=0, loopend=0, mode=0x00000000, channelmask=0x00000000, channelorder=0, peakvolume=0.999900.
[LOG] SystemI::createSoundInternal             : Create name='', mode=0x02000202
[LOG] SystemI::createSoundInternal             : exinfo->cbsize             = 232
[LOG] SystemI::createSoundInternal             : exinfo->length             = 1266528
[LOG] SystemI::createSoundInternal             : exinfo->fileoffset         = 48640
[LOG] SystemI::createSoundInternal             : exinfo->numsubsounds       = 1
[LOG] SystemI::createSoundInternal             : exinfo->inclusionlist      = 00000067D011F09C
[LOG] SystemI::createSoundInternal             : exinfo->inclusionlistnum   = 1
[LOG] SystemI::createSoundInternal             : exinfo->suggestedsoundtype = 5
[LOG] SystemI::createSoundInternal             : exinfo->useropen           = 00007FFB9D88D9C0
[LOG] SystemI::createSoundInternal             : exinfo->userclose          = 00007FFB9D88D990
[LOG] SystemI::createSoundInternal             : exinfo->userread           = 00007FFB9D88DA90
[LOG] SystemI::createSoundInternal             : exinfo->userseek           = 00007FFB9D88DB50
[LOG] SystemI::createSoundInternal             : exinfo->fileuserdata       = 00000170BF676CE8
[LOG] SystemI::createSoundInternal             : exinfo->initialseekpostype = 1
[LOG] SystemI::DSPCodecPoolRegister            : register codec pool for pool type 5
[LOG] SystemI::createSoundInternal             : Sample 0/1: name='M1 Chase [2019-11-27 143958]-1', format=2, channels=2, frequency=48000, lengthbytes=49312, lengthpcm=168000, pcmblocksize=0, loopstart=0, loopend=0, mode=0x00000000, channelmask=0x00000000, channelorder=0, peakvolume=0.999900.
[LOG] SystemI::createSoundInternal             : Create name='', mode=0x02000202
[LOG] SystemI::createSoundInternal             : exinfo->cbsize             = 232
[LOG] SystemI::createSoundInternal             : exinfo->length             = 1266528
[LOG] SystemI::createSoundInternal             : exinfo->fileoffset         = 48640
[LOG] SystemI::createSoundInternal             : exinfo->numsubsounds       = 1
[LOG] SystemI::createSoundInternal             : exinfo->inclusionlist      = 00000067D011F09C
[LOG] SystemI::createSoundInternal             : exinfo->inclusionlistnum   = 1
[LOG] SystemI::createSoundInternal             : exinfo->suggestedsoundtype = 5
[LOG] SystemI::createSoundInternal             : exinfo->useropen           = 00007FFB9D88D9C0
[LOG] SystemI::createSoundInternal             : exinfo->userclose          = 00007FFB9D88D990
[LOG] SystemI::createSoundInternal             : exinfo->userread           = 00007FFB9D88DA90
[LOG] SystemI::createSoundInternal             : exinfo->userseek           = 00007FFB9D88DB50
[LOG] SystemI::createSoundInternal             : exinfo->fileuserdata       = 00000170BF676CE8
[LOG] SystemI::createSoundInternal             : exinfo->initialseekpostype = 1
[LOG] SystemI::DSPCodecPoolRegister            : register codec pool for pool type 5
[LOG] SystemI::createSoundInternal             : Sample 0/1: name='m2 [2019-11-27 143523]', format=2, channels=2, frequency=48000, lengthbytes=16768, lengthpcm=63959, pcmblocksize=0, loopstart=0, loopend=0, mode=0x00000000, channelmask=0x00000000, channelorder=0, peakvolume=0.999900.
[LOG] SystemI::createSoundInternal             : Create name='', mode=0x02000202
[LOG] SystemI::createSoundInternal             : exinfo->cbsize             = 232
[LOG] SystemI::createSoundInternal             : exinfo->length             = 1266528
[LOG] SystemI::createSoundInternal             : exinfo->fileoffset         = 48640
[LOG] SystemI::createSoundInternal             : exinfo->numsubsounds       = 1
[LOG] SystemI::createSoundInternal             : exinfo->inclusionlist      = 00000067D011F09C
[LOG] SystemI::createSoundInternal             : exinfo->inclusionlistnum   = 1
[LOG] SystemI::createSoundInternal             : exinfo->suggestedsoundtype = 5
[LOG] SystemI::createSoundInternal             : exinfo->useropen           = 00007FFB9D88D9C0
[LOG] SystemI::createSoundInternal             : exinfo->userclose          = 00007FFB9D88D990
[LOG] SystemI::createSoundInternal             : exinfo->userread           = 00007FFB9D88DA90
[LOG] SystemI::createSoundInternal             : exinfo->userseek           = 00007FFB9D88DB50
[LOG] SystemI::createSoundInternal             : exinfo->fileuserdata       = 00000170BF676CE8
[LOG] SystemI::createSoundInternal             : exinfo->initialseekpostype = 1
[LOG] SystemI::DSPCodecPoolRegister            : register codec pool for pool type 5
[LOG] SystemI::createSoundInternal             : Sample 0/1: name='m2 [2019-11-27 143526]', format=2, channels=2, frequency=48000, lengthbytes=15776, lengthpcm=60000, pcmblocksize=0, loopstart=0, loopend=0, mode=0x00000000, channelmask=0x00000000, channelorder=0, peakvolume=0.999900.
[LOG] SystemI::createSoundInternal             : Create name='', mode=0x02000202
[LOG] SystemI::createSoundInternal             : exinfo->cbsize             = 232
[LOG] SystemI::createSoundInternal             : exinfo->length             = 1266528
[LOG] SystemI::createSoundInternal             : exinfo->fileoffset         = 48640
[LOG] SystemI::createSoundInternal             : exinfo->numsubsounds       = 1
[LOG] SystemI::createSoundInternal             : exinfo->inclusionlist      = 00000067D011F09C
[LOG] SystemI::createSoundInternal             : exinfo->inclusionlistnum   = 1
[LOG] SystemI::createSoundInternal             : exinfo->suggestedsoundtype = 5
[LOG] SystemI::createSoundInternal             : exinfo->useropen           = 00007FFB9D88D9C0
[LOG] SystemI::createSoundInternal             : exinfo->userclose          = 00007FFB9D88D990
[LOG] SystemI::createSoundInternal             : exinfo->userread           = 00007FFB9D88DA90
[LOG] SystemI::createSoundInternal             : exinfo->userseek           = 00007FFB9D88DB50
[LOG] SystemI::createSoundInternal             : exinfo->fileuserdata       = 00000170BF676CE8
[LOG] SystemI::createSoundInternal             : exinfo->initialseekpostype = 1
[LOG] SystemI::DSPCodecPoolRegister            : register codec pool for pool type 5
[LOG] SystemI::createSoundInternal             : Sample 0/1: name='Sub Bass Drop Run Out', format=2, channels=2, frequency=48000, lengthbytes=4672, lengthpcm=98304, pcmblocksize=0, loopstart=0, loopend=0, mode=0x00000000, channelmask=0x00000000, channelorder=0, peakvolume=0.180539.
[LOG] SystemI::createSoundInternal             : Create name='', mode=0x02000202
[LOG] SystemI::createSoundInternal             : exinfo->cbsize             = 232
[LOG] SystemI::createSoundInternal             : exinfo->length             = 1266528
[LOG] SystemI::createSoundInternal             : exinfo->fileoffset         = 48640
[LOG] SystemI::createSoundInternal             : exinfo->numsubsounds       = 1
[LOG] SystemI::createSoundInternal             : exinfo->inclusionlist      = 00000067D011F09C
[LOG] SystemI::createSoundInternal             : exinfo->inclusionlistnum   = 1
[LOG] SystemI::createSoundInternal             : exinfo->suggestedsoundtype = 5
[LOG] SystemI::createSoundInternal             : exinfo->useropen           = 00007FFB9D88D9C0
[LOG] SystemI::createSoundInternal             : exinfo->userclose          = 00007FFB9D88D990
[LOG] SystemI::createSoundInternal             : exinfo->userread           = 00007FFB9D88DA90
[LOG] SystemI::createSoundInternal             : exinfo->userseek           = 00007FFB9D88DB50
[LOG] SystemI::createSoundInternal             : exinfo->fileuserdata       = 00000170BF676CE8
[LOG] SystemI::createSoundInternal             : exinfo->initialseekpostype = 1
[LOG] SystemI::DSPCodecPoolRegister            : register codec pool for pool type 5
[LOG] SystemI::createSoundInternal             : Sample 0/1: name='Running', format=2, channels=2, frequency=48000, lengthbytes=6752, lengthpcm=27585, pcmblocksize=0, loopstart=0, loopend=0, mode=0x00000000, channelmask=0x00000000, channelorder=0, peakvolume=0.976654.
[LOG] SystemI::createSoundInternal             : Create name='', mode=0x02000202
[LOG] SystemI::createSoundInternal             : exinfo->cbsize             = 232
[LOG] SystemI::createSoundInternal             : exinfo->length             = 1266528
[LOG] SystemI::createSoundInternal             : exinfo->fileoffset         = 48640
[LOG] SystemI::createSoundInternal             : exinfo->numsubsounds       = 1
[LOG] SystemI::createSoundInternal             : exinfo->inclusionlist      = 00000067D011F09C
[LOG] SystemI::createSoundInternal             : exinfo->inclusionlistnum   = 1
[LOG] SystemI::createSoundInternal             : exinfo->suggestedsoundtype = 5
[LOG] SystemI::createSoundInternal             : exinfo->useropen           = 00007FFB9D88D9C0
[LOG] SystemI::createSoundInternal             : exinfo->userclose          = 00007FFB9D88D990
[LOG] SystemI::createSoundInternal             : exinfo->userread           = 00007FFB9D88DA90
[LOG] SystemI::createSoundInternal             : exinfo->userseek           = 00007FFB9D88DB50
[LOG] SystemI::createSoundInternal             : exinfo->fileuserdata       = 00000170BF676CE8
[LOG] SystemI::createSoundInternal             : exinfo->initialseekpostype = 1
[LOG] SystemI::DSPCodecPoolRegister            : register codec pool for pool type 5
[LOG] SystemI::createSoundInternal             : Sample 0/1: name='M1 Chase [2019-11-27 144000]', format=2, channels=2, frequency=48000, lengthbytes=22592, lengthpcm=82083, pcmblocksize=0, loopstart=0, loopend=0, mode=0x00000000, channelmask=0x00000000, channelorder=0, peakvolume=0.999900.
[LOG] SystemI::createSoundInternal             : Create name='', mode=0x02000202
[LOG] SystemI::createSoundInternal             : exinfo->cbsize             = 232
[LOG] SystemI::createSoundInternal             : exinfo->length             = 1266528
[LOG] SystemI::createSoundInternal             : exinfo->fileoffset         = 48640
[LOG] SystemI::createSoundInternal             : exinfo->numsubsounds       = 1
[LOG] SystemI::createSoundInternal             : exinfo->inclusionlist      = 00000067D011F09C
[LOG] SystemI::createSoundInternal             : exinfo->inclusionlistnum   = 1
[LOG] SystemI::createSoundInternal             : exinfo->suggestedsoundtype = 5
[LOG] SystemI::createSoundInternal             : exinfo->useropen           = 00007FFB9D88D9C0
[LOG] SystemI::createSoundInternal             : exinfo->userclose          = 00007FFB9D88D990
[LOG] SystemI::createSoundInternal             : exinfo->userread           = 00007FFB9D88DA90
[LOG] SystemI::createSoundInternal             : exinfo->userseek           = 00007FFB9D88DB50
[LOG] SystemI::createSoundInternal             : exinfo->fileuserdata       = 00000170BF676CE8
[LOG] SystemI::createSoundInternal             : exinfo->initialseekpostype = 1
[LOG] SystemI::DSPCodecPoolRegister            : register codec pool for pool type 5
[LOG] SystemI::createSoundInternal             : Sample 0/1: name='fire 4', format=2, channels=2, frequency=48000, lengthbytes=88864, lengthpcm=288000, pcmblocksize=0, loopstart=0, loopend=0, mode=0x00000000, channelmask=0x00000000, channelorder=0, peakvolume=0.098480.
[LOG] SystemI::createSoundInternal             : Create name='', mode=0x02000202
[LOG] SystemI::createSoundInternal             : exinfo->cbsize             = 232
[LOG] SystemI::createSoundInternal             : exinfo->length             = 1266528
[LOG] SystemI::createSoundInternal             : exinfo->fileoffset         = 48640
[LOG] SystemI::createSoundInternal             : exinfo->numsubsounds       = 1
[LOG] SystemI::createSoundInternal             : exinfo->inclusionlist      = 00000067D011F09C
[LOG] SystemI::createSoundInternal             : exinfo->inclusionlistnum   = 1
[LOG] SystemI::createSoundInternal             : exinfo->suggestedsoundtype = 5
[LOG] SystemI::createSoundInternal             : exinfo->useropen           = 00007FFB9D88D9C0
[LOG] SystemI::createSoundInternal             : exinfo->userclose          = 00007FFB9D88D990
[LOG] SystemI::createSoundInternal             : exinfo->userread           = 00007FFB9D88DA90
[LOG] SystemI::createSoundInternal             : exinfo->userseek           = 00007FFB9D88DB50
[LOG] SystemI::createSoundInternal             : exinfo->fileuserdata       = 00000170BF676CE8
[LOG] SystemI::createSoundInternal             : exinfo->initialseekpostype = 1
[LOG] SystemI::DSPCodecPoolRegister            : register codec pool for pool type 5
[LOG] SystemI::createSoundInternal             : Sample 0/1: name='drip 3', format=2, channels=2, frequency=48000, lengthbytes=672, lengthpcm=8075, pcmblocksize=0, loopstart=0, loopend=0, mode=0x00000000, channelmask=0x00000000, channelorder=0, peakvolume=0.097107.
[LOG] SystemI::createSoundInternal             : Create name='', mode=0x02000202
[LOG] SystemI::createSoundInternal             : exinfo->cbsize             = 232
[LOG] SystemI::createSoundInternal             : exinfo->length             = 1266528
[LOG] SystemI::createSoundInternal             : exinfo->fileoffset         = 48640
[LOG] SystemI::createSoundInternal             : exinfo->numsubsounds       = 1
[LOG] SystemI::createSoundInternal             : exinfo->inclusionlist      = 00000067D011F09C
[LOG] SystemI::createSoundInternal             : exinfo->inclusionlistnum   = 1
[LOG] SystemI::createSoundInternal             : exinfo->suggestedsoundtype = 5
[LOG] SystemI::createSoundInternal             : exinfo->useropen           = 00007FFB9D88D9C0
[LOG] SystemI::createSoundInternal             : exinfo->userclose          = 00007FFB9D88D990
[LOG] SystemI::createSoundInternal             : exinfo->userread           = 00007FFB9D88DA90
[LOG] SystemI::createSoundInternal             : exinfo->userseek           = 00007FFB9D88DB50
[LOG] SystemI::createSoundInternal             : exinfo->fileuserdata       = 00000170BF676CE8
[LOG] SystemI::createSoundInternal             : exinfo->initialseekpostype = 1
[LOG] SystemI::DSPCodecPoolRegister            : register codec pool for pool type 5
[LOG] SystemI::createSoundInternal             : Sample 0/1: name='fire 1', format=2, channels=2, frequency=48000, lengthbytes=88800, lengthpcm=288000, pcmblocksize=0, loopstart=0, loopend=0, mode=0x00000000, channelmask=0x00000000, channelorder=0, peakvolume=0.147003.
[LOG] SystemI::createSoundInternal             : Create name='', mode=0x02000202
[LOG] SystemI::createSoundInternal             : exinfo->cbsize             = 232
[LOG] SystemI::createSoundInternal             : exinfo->length             = 1266528
[LOG] SystemI::createSoundInternal             : exinfo->fileoffset         = 48640
[LOG] SystemI::createSoundInternal             : exinfo->numsubsounds       = 1
[LOG] SystemI::createSoundInternal             : exinfo->inclusionlist      = 00000067D011F09C
[LOG] SystemI::createSoundInternal             : exinfo->inclusionlistnum   = 1
[LOG] SystemI::createSoundInternal             : exinfo->suggestedsoundtype = 5
[LOG] SystemI::createSoundInternal             : exinfo->useropen           = 00007FFB9D88D9C0
[LOG] SystemI::createSoundInternal             : exinfo->userclose          = 00007FFB9D88D990
[LOG] SystemI::createSoundInternal             : exinfo->userread           = 00007FFB9D88DA90
[LOG] SystemI::createSoundInternal             : exinfo->userseek           = 00007FFB9D88DB50
[LOG] SystemI::createSoundInternal             : exinfo->fileuserdata       = 00000170BF676CE8
[LOG] SystemI::createSoundInternal             : exinfo->initialseekpostype = 1
[LOG] SystemI::DSPCodecPoolRegister            : register codec pool for pool type 5
[LOG] SystemI::createSoundInternal             : Sample 0/1: name='drip 4', format=2, channels=2, frequency=48000, lengthbytes=1152, lengthpcm=4599, pcmblocksize=0, loopstart=0, loopend=0, mode=0x00000000, channelmask=0x00000000, channelorder=0, peakvolume=0.054466.
[LOG] SystemI::createSoundInternal             : Create name='', mode=0x02000202
[LOG] SystemI::createSoundInternal             : exinfo->cbsize             = 232
[LOG] SystemI::createSoundInternal             : exinfo->length             = 1266528
[LOG] SystemI::createSoundInternal             : exinfo->fileoffset         = 48640
[LOG] SystemI::createSoundInternal             : exinfo->numsubsounds       = 1
[LOG] SystemI::createSoundInternal             : exinfo->inclusionlist      = 00000067D011F09C
[LOG] SystemI::createSoundInternal             : exinfo->inclusionlistnum   = 1
[LOG] SystemI::createSoundInternal             : exinfo->suggestedsoundtype = 5
[LOG] SystemI::createSoundInternal             : exinfo->useropen           = 00007FFB9D88D9C0
[LOG] SystemI::createSoundInternal             : exinfo->userclose          = 00007FFB9D88D990
[LOG] SystemI::createSoundInternal             : exinfo->userread           = 00007FFB9D88DA90
[LOG] SystemI::createSoundInternal             : exinfo->userseek           = 00007FFB9D88DB50
[LOG] SystemI::createSoundInternal             : exinfo->fileuserdata       = 00000170BF676CE8
[LOG] SystemI::createSoundInternal             : exinfo->initialseekpostype = 1
[LOG] SystemI::DSPCodecPoolRegister            : register codec pool for pool type 5
[LOG] SystemI::createSoundInternal             : Sample 0/1: name='Flashlight Switch Run Out', format=2, channels=2, frequency=48000, lengthbytes=10112, lengthpcm=65536, pcmblocksize=0, loopstart=0, loopend=0, mode=0x00000000, channelmask=0x00000000, channelorder=0, peakvolume=0.221425.
[LOG] SystemI::createSoundInternal             : Create name='', mode=0x02000202
[LOG] SystemI::createSoundInternal             : exinfo->cbsize             = 232
[LOG] SystemI::createSoundInternal             : exinfo->length             = 1266528
[LOG] SystemI::createSoundInternal             : exinfo->fileoffset         = 48640
[LOG] SystemI::createSoundInternal             : exinfo->numsubsounds       = 1
[LOG] SystemI::createSoundInternal             : exinfo->inclusionlist      = 00000067D011F09C
[LOG] SystemI::createSoundInternal             : exinfo->inclusionlistnum   = 1
[LOG] SystemI::createSoundInternal             : exinfo->suggestedsoundtype = 5
[LOG] SystemI::createSoundInternal             : exinfo->useropen           = 00007FFB9D88D9C0
[LOG] SystemI::createSoundInternal             : exinfo->userclose          = 00007FFB9D88D990
[LOG] SystemI::createSoundInternal             : exinfo->userread           = 00007FFB9D88DA90
[LOG] SystemI::createSoundInternal             : exinfo->userseek           = 00007FFB9D88DB50
[LOG] SystemI::createSoundInternal             : exinfo->fileuserdata       = 00000170BF676CE8
[LOG] SystemI::createSoundInternal             : exinfo->initialseekpostype = 1
[LOG] SystemI::DSPCodecPoolRegister            : register codec pool for pool type 5
[LOG] SystemI::createSoundInternal             : Sample 0/1: name='Synth Piano Stab Run out', format=2, channels=2, frequency=48000, lengthbytes=9888, lengthpcm=98304, pcmblocksize=0, loopstart=0, loopend=0, mode=0x00000000, channelmask=0x00000000, channelorder=0, peakvolume=0.485798.
[LOG] SystemI::createSoundInternal             : Create name='', mode=0x02000202
[LOG] SystemI::createSoundInternal             : exinfo->cbsize             = 232
[LOG] SystemI::createSoundInternal             : exinfo->length             = 1266528
[LOG] SystemI::createSoundInternal             : exinfo->fileoffset         = 48640
[LOG] SystemI::createSoundInternal             : exinfo->numsubsounds       = 1
[LOG] SystemI::createSoundInternal             : exinfo->inclusionlist      = 00000067D011F09C
[LOG] SystemI::createSoundInternal             : exinfo->inclusionlistnum   = 1
[LOG] SystemI::createSoundInternal             : exinfo->suggestedsoundtype = 5
[LOG] SystemI::createSoundInternal             : exinfo->useropen           = 00007FFB9D88D9C0
[LOG] SystemI::createSoundInternal             : exinfo->userclose          = 00007FFB9D88D990
[LOG] SystemI::createSoundInternal             : exinfo->userread           = 00007FFB9D88DA90
[LOG] SystemI::createSoundInternal             : exinfo->userseek           = 00007FFB9D88DB50
[LOG] SystemI::createSoundInternal             : exinfo->fileuserdata       = 00000170BF676CE8
[LOG] SystemI::createSoundInternal             : exinfo->initialseekpostype = 1
[LOG] SystemI::DSPCodecPoolRegister            : register codec pool for pool type 5
[LOG] SystemI::createSoundInternal             : Sample 0/1: name='wind 3', format=2, channels=2, frequency=48000, lengthbytes=63136, lengthpcm=240000, pcmblocksize=0, loopstart=0, loopend=0, mode=0x00000000, channelmask=0x00000000, channelorder=0, peakvolume=0.096649.
[LOG] SystemI::createSoundInternal             : Create name='', mode=0x02000202
[LOG] SystemI::createSoundInternal             : exinfo->cbsize             = 232
[LOG] SystemI::createSoundInternal             : exinfo->length             = 1266528
[LOG] SystemI::createSoundInternal             : exinfo->fileoffset         = 48640
[LOG] SystemI::createSoundInternal             : exinfo->numsubsounds       = 1
[LOG] SystemI::createSoundInternal             : exinfo->inclusionlist      = 00000067D011F09C
[LOG] SystemI::createSoundInternal             : exinfo->inclusionlistnum   = 1
[LOG] SystemI::createSoundInternal             : exinfo->suggestedsoundtype = 5
[LOG] SystemI::createSoundInternal             : exinfo->useropen           = 00007FFB9D88D9C0
[LOG] SystemI::createSoundInternal             : exinfo->userclose          = 00007FFB9D88D990
[LOG] SystemI::createSoundInternal             : exinfo->userread           = 00007FFB9D88DA90
[LOG] SystemI::createSoundInternal             : exinfo->userseek           = 00007FFB9D88DB50
[LOG] SystemI::createSoundInternal             : exinfo->fileuserdata       = 00000170BF676CE8
[LOG] SystemI::createSoundInternal             : exinfo->initialseekpostype = 1
[LOG] SystemI::DSPCodecPoolRegister            : register codec pool for pool type 5
[LOG] SystemI::createSoundInternal             : Sample 0/1: name='M1 Idle Moan [2019-11-27 143959]', format=2, channels=2, frequency=48000, lengthbytes=74816, lengthpcm=264000, pcmblocksize=0, loopstart=0, loopend=0, mode=0x00000000, channelmask=0x00000000, channelorder=0, peakvolume=0.999900.
[LOG] SystemI::createSoundInternal             : Create name='', mode=0x02000202
[LOG] SystemI::createSoundInternal             : exinfo->cbsize             = 232
[LOG] SystemI::createSoundInternal             : exinfo->length             = 1266528
[LOG] SystemI::createSoundInternal             : exinfo->fileoffset         = 48640
[LOG] SystemI::createSoundInternal             : exinfo->numsubsounds       = 1
[LOG] SystemI::createSoundInternal             : exinfo->inclusionlist      = 00000067D011F09C
[LOG] SystemI::createSoundInternal             : exinfo->inclusionlistnum   = 1
[LOG] SystemI::createSoundInternal             : exinfo->suggestedsoundtype = 5
[LOG] SystemI::createSoundInternal             : exinfo->useropen           = 00007FFB9D88D9C0
[LOG] SystemI::createSoundInternal             : exinfo->userclose          = 00007FFB9D88D990
[LOG] SystemI::createSoundInternal             : exinfo->userread           = 00007FFB9D88DA90
[LOG] SystemI::createSoundInternal             : exinfo->userseek           = 00007FFB9D88DB50
[LOG] SystemI::createSoundInternal             : exinfo->fileuserdata       = 00000170BF676CE8
[LOG] SystemI::createSoundInternal             : exinfo->initialseekpostype = 1
[LOG] SystemI::DSPCodecPoolRegister            : register codec pool for pool type 5
[LOG] SystemI::createSoundInternal             : Sample 0/1: name='m2 [2019-11-27 143515]', format=2, channels=2, frequency=48000, lengthbytes=22816, lengthpcm=84000, pcmblocksize=0, loopstart=0, loopend=0, mode=0x00000000, channelmask=0x00000000, channelorder=0, peakvolume=0.999900.
[LOG] SystemI::createSound                     : filename = D:\Uni Work\CGDGameJam3\IFTY fMod\IFTY fMod\Build\Desktop/Master Bank.bank : mode 02010082
[LOG] SystemI::createSound                     : FMOD_NONBLOCKING specified.  Putting into queue to be opened asynchronously!
[LOG] Thread::initThread                       : Init FMOD nonblocking thread (0). Priority: 1, Stack Size: 81920, Semaphore: Yes, Sleep Time: 0, Looping: Yes.
[LOG] SystemI::createSound                     : setdata soundi = 00000170BF5C1808 : node = 00000170BECB34A0
[LOG] SystemI::createSound                     : add node to async list : head = 00000171086EED28.  list count = 0
[LOG] AsyncThread::threadFunc                  : Starting Asynchronous operation on sound 00000170BF5C1808
[LOG] SystemI::createSoundInternal             :     Create name='D:\Uni Work\CGDGameJam3\IFTY fMod\IFTY fMod\Build\Desktop/Master Bank.bank', mode=0x02010082
[LOG] SystemI::createSoundInternal             :     exinfo->cbsize             = 232
[LOG] SystemI::createSoundInternal             :     exinfo->length             = 1266528
[LOG] SystemI::createSoundInternal             :     exinfo->fileoffset         = 48640
[LOG] SystemI::createSoundInternal             :     exinfo->numsubsounds       = 1
[LOG] SystemI::createSoundInternal             :     exinfo->inclusionlist      = 00000170BECB35B8
[LOG] SystemI::createSoundInternal             :     exinfo->inclusionlistnum   = 1
[LOG] SystemI::createSoundInternal             :     exinfo->suggestedsoundtype = 5
[LOG] SystemI::createSoundInternal             :     exinfo->initialseekpostype = 1
[LOG] SystemI::createSoundInternal             :     Stream 0/1: name='wind 1', format=2, channels=2, frequency=48000, lengthbytes=164384, lengthpcm=624000, pcmblocksize=0, loopstart=0, loopend=0, mode=0x00000000, channelmask=0x00000000, channelorder=0, peakvolume=0.133575.
[LOG] Thread::initThread                       :     Init FMOD file thread. Priority: 1, Stack Size: 16384, Semaphore: No, Sleep Time: 10, Looping: Yes.
[LOG] AsyncThread::threadFunc                  : Finished Asynchronous operation on sound 00000170BF5C1808
[LOG] SoundI::getSubSound                      : sound 00000170BF5C1808.  Subsound index 0 / 1
[LOG] SystemI::createSound                     : filename = D:\Uni Work\CGDGameJam3\IFTY fMod\IFTY fMod\Build\Desktop/Master Bank.bank : mode 02010082
[LOG] SystemI::createSound                     : FMOD_NONBLOCKING specified.  Putting into queue to be opened asynchronously!
[LOG] SystemI::createSound                     : setdata soundi = 00000170CD170398 : node = 000001709A628960
[LOG] SystemI::createSound                     : add node to async list : head = 00000171086EED28.  list count = 0
[LOG] AsyncThread::threadFunc                  : Starting Asynchronous operation on sound 00000170CD170398
[LOG] SystemI::createSoundInternal             :     Create name='D:\Uni Work\CGDGameJam3\IFTY fMod\IFTY fMod\Build\Desktop/Master Bank.bank', mode=0x02010082
[LOG] SystemI::createSoundInternal             :     exinfo->cbsize             = 232
[LOG] SystemI::createSoundInternal             :     exinfo->length             = 1266528
[LOG] SystemI::createSoundInternal             :     exinfo->fileoffset         = 48640
[LOG] SystemI::createSoundInternal             :     exinfo->numsubsounds       = 1
[LOG] SystemI::createSoundInternal             :     exinfo->inclusionlist      = 000001709A628A78
[LOG] SystemI::createSoundInternal             :     exinfo->inclusionlistnum   = 1
[LOG] SystemI::createSoundInternal             :     exinfo->suggestedsoundtype = 5
[LOG] SystemI::createSoundInternal             :     exinfo->initialseekpostype = 1
[LOG] SystemI::createSoundInternal             :     Stream 0/1: name='wind 1', format=2, channels=2, frequency=48000, lengthbytes=164384, lengthpcm=624000, pcmblocksize=0, loopstart=0, loopend=0, mode=0x00000000, channelmask=0x00000000, channelorder=0, peakvolume=0.133575.
[LOG] AsyncThread::threadFunc                  : Finished Asynchronous operation on sound 00000170CD170398
[LOG] SoundI::getSubSound                      : sound 00000170CD170398.  Subsound index 0 / 1
[LOG] SoundI::release                          : wind 1 (00000170BF5C1808)
[LOG] SoundI::release                          :     wind 1 (00000170CCD013C8)
[LOG] SoundI::release                          :     wind 1 (00000170BF5C0C38)
[LOG] SystemI::createSound                     : filename = D:\Uni Work\CGDGameJam3\IFTY fMod\IFTY fMod\Build\Desktop/Master Bank.bank : mode 02010082
[LOG] SystemI::createSound                     : FMOD_NONBLOCKING specified.  Putting into queue to be opened asynchronously!
[LOG] SystemI::createSound                     : setdata soundi = 00000170BF5C0C38 : node = 00000170BECB34A0
[LOG] SystemI::createSound                     : add node to async list : head = 00000171086EED28.  list count = 0
[LOG] AsyncThread::threadFunc                  : Starting Asynchronous operation on sound 00000170BF5C0C38
[LOG] SystemI::createSoundInternal             :     Create name='D:\Uni Work\CGDGameJam3\IFTY fMod\IFTY fMod\Build\Desktop/Master Bank.bank', mode=0x02010082
[LOG] SystemI::createSoundInternal             :     exinfo->cbsize             = 232
[LOG] SystemI::createSoundInternal             :     exinfo->length             = 1266528
[LOG] SystemI::createSoundInternal             :     exinfo->fileoffset         = 48640
[LOG] SystemI::createSoundInternal             :     exinfo->numsubsounds       = 1
[LOG] SystemI::createSoundInternal             :     exinfo->inclusionlist      = 00000170BECB35B8
[LOG] SystemI::createSoundInternal             :     exinfo->inclusionlistnum   = 1
[LOG] SystemI::createSoundInternal             :     exinfo->suggestedsoundtype = 5
[LOG] SystemI::createSoundInternal             :     exinfo->initialseekpostype = 1
[LOG] SystemI::createSoundInternal             :     Stream 0/1: name='wind 1', format=2, channels=2, frequency=48000, lengthbytes=164384, lengthpcm=624000, pcmblocksize=0, loopstart=0, loopend=0, mode=0x00000000, channelmask=0x00000000, channelorder=0, peakvolume=0.133575.
[LOG] AsyncThread::threadFunc                  : Finished Asynchronous operation on sound 00000170BF5C0C38
[LOG] SoundI::getSubSound                      : sound 00000170BF5C0C38.  Subsound index 0 / 1
[LOG] SoundI::release                          : wind 1 (00000170CD170398)
[LOG] SoundI::release                          :     wind 1 (00000170CCD01568)
[LOG] SoundI::release                          :     wind 1 (00000170CD170548)
[LOG] SoundI::release                          : wind 1 (00000170BF5C0C38)
[LOG] SoundI::release                          :     wind 1 (00000170CCD013C8)
[LOG] SoundI::release                          :     wind 1 (00000170BF5C1808)
[LOG] SoundI::release                          :  (00000170CC9EF228)
[LOG] SoundI::release                          :     Synth Piano Stab Run out (0000017108C1BBD8)
[LOG] SoundI::release                          :  (00000170BEC56008)
[LOG] SoundI::release                          :     Flashlight Switch Run Out (0000017108C1BA38)
[LOG] SoundI::release                          :  (00000170BEC55BB8)
[LOG] SoundI::release                          :     Sub Bass Drop Run Out (00000170BF9205A8)
[LOG] SoundI::release                          :  (00000170BEC54628)
[LOG] SoundI::release                          :     M1 Chase [2019-11-27 143958]-1 (00000170BF9208E8)
[LOG] SoundI::release                          :  (00000170CD38B2C8)
[LOG] SoundI::release                          :     M1 Chase [2019-11-27 143958] (0000017108EAD798)
[LOG] SoundI::release                          :  (00000170BEC551A8)
[LOG] SoundI::release                          :     M1 Chase [2019-11-27 144000] (00000170BF920F68)
[LOG] SoundI::release                          :  (00000170CD38C298)
[LOG] SoundI::release                          :     drip 1 (0000017108EADE18)
[LOG] SoundI::release                          :  (00000170CD38A2F8)
[LOG] SoundI::release                          :     drip 2 (00000170FB8BA3E8)
[LOG] SoundI::release                          :  (00000170BEC555F8)
[LOG] SoundI::release                          :     drip 3 (00000170BF920408)
[LOG] SoundI::release                          :  (00000170BEC55D28)
[LOG] SoundI::release                          :     drip 4 (0000017108C1B6F8)
[LOG] SoundI::release                          :  (00000170CD38CCA8)
[LOG] SoundI::release                          :     drip 5 (0000017108EAD458)
[LOG] SoundI::release                          :  (00000170BEC54348)
[LOG] SoundI::release                          :     fire 1 (0000017108C1B898)
[LOG] SoundI::release                          :  (00000170CD38B158)
[LOG] SoundI::release                          :     fire 2 (0000017108EADFB8)
[LOG] SoundI::release                          :  (00000170CD38A468)
[LOG] SoundI::release                          :     fire 3 (00000170FB8BA588)
[LOG] SoundI::release                          :  (00000170BEC55318)
[LOG] SoundI::release                          :     fire 4 (00000170BF920268)
[LOG] SoundI::release                          :  (00000170CC9EEDD8)
[LOG] SoundI::release                          :     wind 3 (0000017108C1B3B8)
[LOG] SoundI::release                          :  (00000170BEC544B8)
[LOG] SoundI::release                          :     M1 Idle Moan [2019-11-27 143957] (00000170BF920748)
[LOG] SoundI::release                          :  (00000170CC9EF398)
[LOG] SoundI::release                          :     M1 Idle Moan [2019-11-27 143959] (0000017108C1BD78)
[LOG] SoundI::release                          :  (00000170CD38BCD8)
[LOG] SoundI::release                          :     Hard sole shoes on wood carpet single step left_BLASTWAVEFX_10010 (0000017108EAE158)
[LOG] SoundI::release                          :  (00000170BEC54908)
[LOG] SoundI::release                          :     Running (00000170BF920C28)
[LOG] SoundI::release                          :  (00000170BEC54BE8)
[LOG] SoundI::release                          :     M1 chuckle_Chase [2019-11-27 143954] (0000017108EADAD8)
[LOG] SoundI::release                          :  (00000170BEC55038)
[LOG] SoundI::release                          :     m2 [2019-11-27 143526] (00000170BF920DC8)
[LOG] SoundI::release                          :  (00000170BEC54798)
[LOG] SoundI::release                          :     m2 [2019-11-27 143523] (00000170BF920A88)
[LOG] SoundI::release                          :  (00000170BEC55E98)
[LOG] SoundI::release                          :     m2 [2019-11-27 143527] (0000017108EAD5F8)
[LOG] SoundI::release                          :  (00000170BEC55768)
[LOG] SoundI::release                          :     m2 [2019-11-27 143507] (0000017108EAD938)
[LOG] SoundI::release                          :  (00000170CC9EF508)
[LOG] SoundI::release                          :     m2 [2019-11-27 143515] (0000017108C1B218)
[LOG] SoundI::release                          :  (00000170BEC558D8)
[LOG] SoundI::release                          :     m2 [2019-11-27 143510] (0000017108EADC78)
[LOG] Thread::callback                         : FMOD Studio update thread finished.
[LOG] Thread::callback                         : FMOD Studio bank load thread finished.
[LOG] Profile::disconnectAll                   : Profiler disconnecting all clients
[LOG] Thread::callback                         : FMOD Studio sample load thread finished.
[LOG] LiveUpdate::release                      : 
[LOG] LiveUpdate::reset                        : Reset connection (reason Disconnected)
[LOG] Thread::callback                         : FMOD stream thread finished.
[LOG] Thread::callback                         : FMOD mixer thread finished.
[LOG] Profile::disconnectAll                   : Profiler disconnecting all clients
[LOG] Thread::callback                         : FMOD nonblocking thread (0) finished.
[LOG] Thread::callback                         : FMOD file thread finished.
[LOG] SystemI::close                           : Closed.
