[LOG] System::create                           : Header version = 1.10.07. Current version = 1.10.07.
[LOG] Manager::init                            : maxchannels = 256 studioflags = 00000006 flags 00000000 extradriverdata 0000000000000000.
[LOG] SystemI::init                            : Initialize version=11007 (95892), maxchannels=256, flags=0x00020000
[LOG] SystemI::setOutputInternal               : Setting output to 'FMOD WASAPI Output'
[LOG] OutputWASAPI::init                       : Mix Format (WAVEFORMATEX): wFormatTag=0xFFFE, nChannels=2, nSamplesPerSec=48000, nAvgBytesPerSec=384000, nBlockAlign=8, wBitsPerSample=32, cbSize=22.
[LOG] OutputWASAPI::init                       : Mix Format (WAVEFORMATEXTENSIBLE): wValidBitsPerSample=32, dwChannelMask=0x00000003, SubFormat=00000003-0000-0010-8000-00AA00389B71.
[LOG] OutputWASAPI::init                       : Output buffer size: 4096 samples, latency: 0.00ms, period: 10.00ms, DSP buffer: 1024 * 4
[LOG] Thread::initThread                       : Init FMOD stream thread. Priority: 2, Stack Size: 65536, Semaphore: No, Sleep Time: 10, Looping: Yes.
[LOG] Thread::initThread                       : Init FMOD mixer thread. Priority: 3, Stack Size: 49152, Semaphore: No, Sleep Time: 0, Looping: Yes.
[LOG] AsyncManager::init                       : manager 000001B947D13248 isAsync 0 updatePeriod 0.02
[LOG] AsyncManager::init                       : done
[LOG] PlaybackSystem::init                     : 
[LOG] Thread::initThread                       : Init FMOD Studio sample load thread. Priority: 0, Stack Size: 65536, Semaphore: No, Sleep Time: 1, Looping: No.
[LOG] PlaybackSystem::init                     : done
[LOG] Thread::initThread                       : Init FMOD Studio bank load thread. Priority: 0, Stack Size: 65536, Semaphore: No, Sleep Time: 1, Looping: No.
[LOG] Manager::init                            : done.
[LOG] SystemI::createSound                     : filename = D:\Uni Work\CGDGameJam3\IFTY fMod\IFTY fMod\Build\Desktop/Master Bank.bank : mode 02010082
[LOG] SystemI::createSound                     : FMOD_NONBLOCKING specified.  Putting into queue to be opened asynchronously!
[LOG] SystemI::createSound                     : setdata soundi = 000001B9428EB068 : node = 000001B946F4AA10
[LOG] SystemI::createSound                     : add node to async list : head = 000001B9021043E8.  list count = 0
[LOG] AsyncThread::threadFunc                  : Starting Asynchronous operation on sound 000001B9428EB068
[LOG] SystemI::createSoundInternal             :     Create name='D:\Uni Work\CGDGameJam3\IFTY fMod\IFTY fMod\Build\Desktop/Master Bank.bank', mode=0x02010082
[LOG] SystemI::createSoundInternal             :     exinfo->cbsize             = 232
[LOG] SystemI::createSoundInternal             :     exinfo->length             = 1259712
[LOG] SystemI::createSoundInternal             :     exinfo->fileoffset         = 47360
[LOG] SystemI::createSoundInternal             :     exinfo->numsubsounds       = 1
[LOG] SystemI::createSoundInternal             :     exinfo->inclusionlist      = 000001B946F4AB28
[LOG] SystemI::createSoundInternal             :     exinfo->inclusionlistnum   = 1
[LOG] SystemI::createSoundInternal             :     exinfo->suggestedsoundtype = 5
[LOG] SystemI::createSoundInternal             :     exinfo->initialseekpostype = 1
[LOG] SystemI::createSoundInternal             :     Stream 0/1: name='wind 1', format=2, channels=2, frequency=48000, lengthbytes=164384, lengthpcm=624000, pcmblocksize=0, loopstart=0, loopend=0, mode=0x00000000, channelmask=0x00000000, channelorder=0, peakvolume=0.133575.
[LOG] AsyncThread::threadFunc                  : Finished Asynchronous operation on sound 000001B9428EB068
[LOG] SoundI::getSubSound                      : sound 000001B9428EB068.  Subsound index 0 / 1
[LOG] SoundI::release                          : wind 1 (000001B9432DC078)
[LOG] SoundI::release                          :     wind 1 (000001B90C044438)
[LOG] SoundI::release                          :     wind 1 (000001B9432DCDF8)
[LOG] SystemI::createSound                     : filename = D:\Uni Work\CGDGameJam3\IFTY fMod\IFTY fMod\Build\Desktop/Master Bank.bank : mode 02010082
[LOG] SystemI::createSound                     : FMOD_NONBLOCKING specified.  Putting into queue to be opened asynchronously!
[LOG] SystemI::createSound                     : setdata soundi = 000001B9428EB3C8 : node = 000001B942AA5680
[LOG] SystemI::createSound                     : add node to async list : head = 000001B9021043E8.  list count = 0
[LOG] AsyncThread::threadFunc                  : Starting Asynchronous operation on sound 000001B9428EB3C8
[LOG] SystemI::createSoundInternal             :     Create name='D:\Uni Work\CGDGameJam3\IFTY fMod\IFTY fMod\Build\Desktop/Master Bank.bank', mode=0x02010082
[LOG] SystemI::createSoundInternal             :     exinfo->cbsize             = 232
[LOG] SystemI::createSoundInternal             :     exinfo->length             = 1259712
[LOG] SystemI::createSoundInternal             :     exinfo->fileoffset         = 47360
[LOG] SystemI::createSoundInternal             :     exinfo->numsubsounds       = 1
[LOG] SystemI::createSoundInternal             :     exinfo->inclusionlist      = 000001B942AA5798
[LOG] SystemI::createSoundInternal             :     exinfo->inclusionlistnum   = 1
[LOG] SystemI::createSoundInternal             :     exinfo->suggestedsoundtype = 5
[LOG] SystemI::createSoundInternal             :     exinfo->initialseekpostype = 1
[LOG] SystemI::createSoundInternal             :     Stream 0/1: name='wind 1', format=2, channels=2, frequency=48000, lengthbytes=164384, lengthpcm=624000, pcmblocksize=0, loopstart=0, loopend=0, mode=0x00000000, channelmask=0x00000000, channelorder=0, peakvolume=0.133575.
[LOG] AsyncThread::threadFunc                  : Finished Asynchronous operation on sound 000001B9428EB3C8
[LOG] SoundI::getSubSound                      : sound 000001B9428EB3C8.  Subsound index 0 / 1
[LOG] SoundI::release                          : wind 1 (000001B9428EB068)
[LOG] SoundI::release                          :     wind 1 (000001B90C0440F8)
[LOG] SoundI::release                          :     wind 1 (000001B9428EB218)
[LOG] AsyncThread::threadFunc                  : Starting Asynchronous operation on sound 000001B9428EB578
[LOG] AsyncThread::threadFunc                  : Finished Asynchronous operation on sound 000001B9428EB578
[LOG] AsyncThread::threadFunc                  : Starting Asynchronous operation on sound 000001B9428EB578
[LOG] AsyncThread::threadFunc                  : Finished Asynchronous operation on sound 000001B9428EB578
[LOG] SystemI::createSound                     : filename = D:\Uni Work\CGDGameJam3\IFTY fMod\IFTY fMod\Build\Desktop/Master Bank.bank : mode 02010082
[LOG] SystemI::createSound                     : FMOD_NONBLOCKING specified.  Putting into queue to be opened asynchronously!
[LOG] SystemI::createSound                     : setdata soundi = 000001B9428E9C28 : node = 000001B946F4AA10
[LOG] SystemI::createSound                     : add node to async list : head = 000001B9021043E8.  list count = 0
[LOG] AsyncThread::threadFunc                  : Starting Asynchronous operation on sound 000001B9428E9C28
[LOG] SystemI::createSoundInternal             :     Create name='D:\Uni Work\CGDGameJam3\IFTY fMod\IFTY fMod\Build\Desktop/Master Bank.bank', mode=0x02010082
[LOG] SystemI::createSoundInternal             :     exinfo->cbsize             = 232
[LOG] SystemI::createSoundInternal             :     exinfo->length             = 1259712
[LOG] SystemI::createSoundInternal             :     exinfo->fileoffset         = 47360
[LOG] SystemI::createSoundInternal             :     exinfo->numsubsounds       = 1
[LOG] SystemI::createSoundInternal             :     exinfo->inclusionlist      = 000001B946F4AB28
[LOG] SystemI::createSoundInternal             :     exinfo->inclusionlistnum   = 1
[LOG] SystemI::createSoundInternal             :     exinfo->suggestedsoundtype = 5
[LOG] SystemI::createSoundInternal             :     exinfo->initialseekpostype = 1
[LOG] SystemI::createSoundInternal             :     Stream 0/1: name='wind 1', format=2, channels=2, frequency=48000, lengthbytes=164384, lengthpcm=624000, pcmblocksize=0, loopstart=0, loopend=0, mode=0x00000000, channelmask=0x00000000, channelorder=0, peakvolume=0.133575.
[LOG] AsyncThread::threadFunc                  : Finished Asynchronous operation on sound 000001B9428E9C28
[LOG] SoundI::getSubSound                      : sound 000001B9428E9C28.  Subsound index 0 / 1
[LOG] SoundI::release                          : wind 1 (000001B9428EB3C8)
[LOG] SoundI::release                          :     wind 1 (000001B90C044438)
[LOG] SoundI::release                          :     wind 1 (000001B9428EB578)
[LOG] SystemI::createSound                     : filename = D:\Uni Work\CGDGameJam3\IFTY fMod\IFTY fMod\Build\Desktop/Master Bank.bank : mode 02010082
[LOG] SystemI::createSound                     : FMOD_NONBLOCKING specified.  Putting into queue to be opened asynchronously!
[LOG] SystemI::createSound                     : setdata soundi = 000001B9428EB3C8 : node = 000001B95CB7E560
[LOG] SystemI::createSound                     : add node to async list : head = 000001B9021043E8.  list count = 0
[LOG] AsyncThread::threadFunc                  : Starting Asynchronous operation on sound 000001B9428EB3C8
[LOG] SystemI::createSoundInternal             :     Create name='D:\Uni Work\CGDGameJam3\IFTY fMod\IFTY fMod\Build\Desktop/Master Bank.bank', mode=0x02010082
[LOG] SystemI::createSoundInternal             :     exinfo->cbsize             = 232
[LOG] SystemI::createSoundInternal             :     exinfo->length             = 1259712
[LOG] SystemI::createSoundInternal             :     exinfo->fileoffset         = 47360
[LOG] SystemI::createSoundInternal             :     exinfo->numsubsounds       = 1
[LOG] SystemI::createSoundInternal             :     exinfo->inclusionlist      = 000001B95CB7E678
[LOG] SystemI::createSoundInternal             :     exinfo->inclusionlistnum   = 1
[LOG] SystemI::createSoundInternal             :     exinfo->suggestedsoundtype = 5
[LOG] SystemI::createSoundInternal             :     exinfo->initialseekpostype = 1
[LOG] SystemI::createSoundInternal             :     Stream 0/1: name='wind 1', format=2, channels=2, frequency=48000, lengthbytes=164384, lengthpcm=624000, pcmblocksize=0, loopstart=0, loopend=0, mode=0x00000000, channelmask=0x00000000, channelorder=0, peakvolume=0.133575.
[LOG] AsyncThread::threadFunc                  : Finished Asynchronous operation on sound 000001B9428EB3C8
[LOG] SoundI::getSubSound                      : sound 000001B9428EB3C8.  Subsound index 0 / 1
[LOG] SoundI::release                          : wind 1 (000001B9428E9C28)
[LOG] SoundI::release                          :     wind 1 (000001B90C0440F8)
[LOG] SoundI::release                          :     wind 1 (000001B9428EB068)
[LOG] SoundI::release                          : wind 1 (000001B9428EB3C8)
[LOG] SoundI::release                          :     wind 1 (000001B90C044438)
[LOG] SoundI::release                          :     wind 1 (000001B9428EB578)
[LOG] SoundI::release                          :  (000001B90BA69888)
[LOG] SoundI::release                          :     Synth Piano Stab Run out (000001B90222CEE8)
[LOG] SoundI::release                          :  (000001B90BA6C688)
[LOG] SoundI::release                          :     Flashlight Switch Run Out (000001B902227C08)
[LOG] SoundI::release                          :  (000001B90BA6BF58)
[LOG] SoundI::release                          :     Sub Bass Drop Run Out (000001B90222BD08)
[LOG] SoundI::release                          :  (000001B90BA6B3D8)
[LOG] SoundI::release                          :     M1 Chase [2019-11-27 143958]-1 (000001B902227728)
[LOG] SoundI::release                          :  (000001B90BA6C3A8)
[LOG] SoundI::release                          :     M1 Chase [2019-11-27 143958] (000001B902227A68)
[LOG] SoundI::release                          :  (000001B90BA6B6B8)
[LOG] SoundI::release                          :     M1 Chase [2019-11-27 144000] (000001B90222C1E8)
[LOG] SoundI::release                          :  (000001B90BA6B0F8)
[LOG] SoundI::release                          :     drip 1 (000001B902226D68)
[LOG] SoundI::release                          :  (000001B90BA69E48)
[LOG] SoundI::release                          :     drip 2 (000001B902228768)
[LOG] SoundI::release                          :  (000001B90BA6C0C8)
[LOG] SoundI::release                          :     drip 3 (000001B90222C388)
[LOG] SoundI::release                          :  (000001B90BA692C8)
[LOG] SoundI::release                          :     drip 4 (000001B90222C868)
[LOG] SoundI::release                          :  (000001B90BA6BB08)
[LOG] SoundI::release                          :     drip 5 (000001B90222A7E8)
[LOG] SoundI::release                          :  (000001B90BA69158)
[LOG] SoundI::release                          :     fire 1 (000001B90222C6C8)
[LOG] SoundI::release                          :  (000001B90BA69718)
[LOG] SoundI::release                          :     fire 2 (000001B90222B008)
[LOG] SoundI::release                          :  (000001B90BA6A858)
[LOG] SoundI::release                          :     fire 3 (000001B90222A168)
[LOG] SoundI::release                          :  (000001B90BA6B828)
[LOG] SoundI::release                          :     fire 4 (000001B9022278C8)
[LOG] SoundI::release                          :  (000001B90BA68A28)
[LOG] SoundI::release                          :     wind 3 (000001B902228DE8)
[LOG] SoundI::release                          :  (000001B90BA6BC78)
[LOG] SoundI::release                          :     M1 Idle Moan [2019-11-27 143957] (000001B90222CD48)
[LOG] SoundI::release                          :  (000001B90BA699F8)
[LOG] SoundI::release                          :     M1 Idle Moan [2019-11-27 143959] (000001B902229468)
[LOG] SoundI::release                          :  (000001B90BA6A9C8)
[LOG] SoundI::release                          :     Hard sole shoes on wood carpet single step left_BLASTWAVEFX_10010 (000001B902226A28)
[LOG] SoundI::release                          :  (000001B90BA6ACA8)
[LOG] SoundI::release                          :     M1 chuckle_Chase [2019-11-27 143954] (000001B9022273E8)
[LOG] SoundI::release                          :  (000001B90BA68FE8)
[LOG] SoundI::release                          :     m2 [2019-11-27 143526] (000001B90222CA08)
[LOG] SoundI::release                          :  (000001B90BA6B548)
[LOG] SoundI::release                          :     m2 [2019-11-27 143523] (000001B90222B4E8)
[LOG] SoundI::release                          :  (000001B90BA69FB8)
[LOG] SoundI::release                          :     m2 [2019-11-27 143527] (000001B902228908)
[LOG] SoundI::release                          :  (000001B90BA69CD8)
[LOG] SoundI::release                          :     m2 [2019-11-27 143507] (000001B9022270A8)
[LOG] SoundI::release                          :  (000001B90BA68B98)
[LOG] SoundI::release                          :     m2 [2019-11-27 143515] (000001B902103DB8)
[LOG] SoundI::release                          :  (000001B90BA6BDE8)
[LOG] SoundI::release                          :     m2 [2019-11-27 143510] (000001B90222ACC8)
[LOG] Thread::callback                         : FMOD Studio update thread finished.
[LOG] Thread::callback                         : FMOD Studio bank load thread finished.
[LOG] Profile::disconnectAll                   : Profiler disconnecting all clients
[LOG] Thread::callback                         : FMOD Studio sample load thread finished.
[LOG] LiveUpdate::release                      : 
[LOG] LiveUpdate::reset                        : Reset connection (reason Disconnected)
[LOG] Thread::callback                         : FMOD stream thread finished.
[LOG] Thread::callback                         : FMOD mixer thread finished.
[LOG] Profile::disconnectAll                   : Profiler disconnecting all clients
[LOG] SystemI::close                           : Closed.
